<?xml version="1.0" encoding="UTF-8"?>
<Site BuildName="(empty)"
	BuildStamp="20250207-1157-Experimental"
	Name="balaji"
	Generator="ctest-3.22.1"
	CompilerName="/usr/bin/g++"
	CompilerVersion="11.4.0"
	OSName="Linux"
	Hostname="balaji"
	OSRelease="6.8.0-52-generic"
	OSVersion="#53~22.04.1-Ubuntu SMP PREEMPT_DYNAMIC Wed Jan 15 19:18:46 UTC 2"
	OSPlatform="x86_64"
	Is64Bits="1"
	VendorString="GenuineIntel"
	VendorID="Intel Corporation"
	FamilyID="6"
	ModelID="165"
	ProcessorCacheSize="8192"
	NumberOfLogicalCPU="8"
	NumberOfPhysicalCPU="4"
	TotalVirtualMemory="7628"
	TotalPhysicalMemory="7807"
	LogicalProcessorsPerPhysical="2"
	ProcessorClockFrequency="4293.93"
	>
	<Testing>
		<StartDateTime>Feb 07 17:27 IST</StartDateTime>
		<StartTestTime>1738929436</StartTestTime>
		<TestList/>
		<EndDateTime>Feb 07 17:27 IST</EndDateTime>
		<EndTestTime>1738929436</EndTestTime>
		<ElapsedMinutes>0</ElapsedMinutes>
	</Testing>
</Site>
